<?xml version="1.0" encoding="UTF-8"?>
<testng-results skipped="0" failed="0" ignored="0" total="2" passed="2">
  <reporter-output>
  </reporter-output>
  <suite name="Default suite" duration-ms="18019" started-at="2018-01-11T11:19:04Z" finished-at="2018-01-11T11:19:22Z">
    <groups>
    </groups>
    <test name="Default test" duration-ms="18019" started-at="2018-01-11T11:19:04Z" finished-at="2018-01-11T11:19:22Z">
      <class name="oldLaunchpad.Workflow">
        <test-method status="PASS" signature="Datadriven(java.lang.String, java.lang.String)[pri:0, instance:oldLaunchpad.Workflow@39c0f4a]" name="Datadriven" duration-ms="8610" started-at="2018-01-11T16:49:05Z" data-provider="wordpress" finished-at="2018-01-11T16:49:14Z">
          <params>
            <param index="0">
              <value>
                <![CDATA[admin]]>
              </value>
            </param>
            <param index="1">
              <value>
                <![CDATA[demo123]]>
              </value>
            </param>
          </params>
          <reporter-output>
          </reporter-output>
        </test-method> <!-- Datadriven -->
        <test-method status="PASS" signature="Datadriven(java.lang.String, java.lang.String)[pri:0, instance:oldLaunchpad.Workflow@39c0f4a]" name="Datadriven" duration-ms="7169" started-at="2018-01-11T16:49:14Z" data-provider="wordpress" finished-at="2018-01-11T16:49:21Z">
          <params>
            <param index="0">
              <value>
                <![CDATA[admin]]>
              </value>
            </param>
            <param index="1">
              <value>
                <![CDATA[demo1234]]>
              </value>
            </param>
          </params>
          <reporter-output>
          </reporter-output>
        </test-method> <!-- Datadriven -->
        <test-method status="PASS" signature="aftertest()[pri:0, instance:oldLaunchpad.Workflow@39c0f4a]" name="aftertest" is-config="true" duration-ms="1506" started-at="2018-01-11T16:49:21Z" finished-at="2018-01-11T16:49:22Z">
          <reporter-output>
          </reporter-output>
        </test-method> <!-- aftertest -->
      </class> <!-- oldLaunchpad.Workflow -->
    </test> <!-- Default test -->
  </suite> <!-- Default suite -->
</testng-results>
